<?xml version="1.0" encoding="UTF-8" ?>
<testsuites>
<testsuite name="multiple destinations" errors="0" tests="14" failures="14" time="0.012" timestamp="2017-03-20T10:17:26">
  <testcase classname="multiple destinations" name="multiselect is instantiated and contains options" time="0.001"><failure type="expect" message="TypeError: jasmine.getFixtures is not a function">TypeError: jasmine.getFixtures is not a function
    at null.&amp;lt;anonymous&amp;gt; (/var/www/html/multiselect/spec/multiple-destinations.spec.js:51:17)
    at jasmine.Block.execute (/usr/local/lib/node_modules/jasmine-node/lib/jasmine-node/jasmine-1.3.1.js:1145:17)
    at jasmine.Queue.next_ (/usr/local/lib/node_modules/jasmine-node/lib/jasmine-node/jasmine-1.3.1.js:2177:31)
    at jasmine.Queue.start (/usr/local/lib/node_modules/jasmine-node/lib/jasmine-node/jasmine-1.3.1.js:2130:8)
    at jasmine.Spec.execute (/usr/local/lib/node_modules/jasmine-node/lib/jasmine-node/jasmine-1.3.1.js:2458:14)
    at jasmine.Queue.next_ (/usr/local/lib/node_modules/jasmine-node/lib/jasmine-node/jasmine-1.3.1.js:2177:31)
    at jasmine.Queue.start (/usr/local/lib/node_modules/jasmine-node/lib/jasmine-node/jasmine-1.3.1.js:2130:8)
    at jasmine.Suite.execute (/usr/local/lib/node_modules/jasmine-node/lib/jasmine-node/jasmine-1.3.1.js:2604:14)
    at jasmine.Queue.next_ (/usr/local/lib/node_modules/jasmine-node/lib/jasmine-node/jasmine-1.3.1.js:2177:31)
    at onComplete (/usr/local/lib/node_modules/jasmine-node/lib/jasmine-node/jasmine-1.3.1.js:2173:18)</failure><failure type="expect" message="TypeError: Cannot read property &amp;apos;attr&amp;apos; of undefined">TypeError: Cannot read property &amp;apos;attr&amp;apos; of undefined
    at null.&amp;lt;anonymous&amp;gt; (/var/www/html/multiselect/spec/multiple-destinations.spec.js:137:28)
    at jasmine.Block.execute (/usr/local/lib/node_modules/jasmine-node/lib/jasmine-node/jasmine-1.3.1.js:1145:17)
    at jasmine.Queue.next_ (/usr/local/lib/node_modules/jasmine-node/lib/jasmine-node/jasmine-1.3.1.js:2177:31)
    at jasmine.Queue.start (/usr/local/lib/node_modules/jasmine-node/lib/jasmine-node/jasmine-1.3.1.js:2130:8)
    at jasmine.Spec.execute (/usr/local/lib/node_modules/jasmine-node/lib/jasmine-node/jasmine-1.3.1.js:2458:14)
    at jasmine.Queue.next_ (/usr/local/lib/node_modules/jasmine-node/lib/jasmine-node/jasmine-1.3.1.js:2177:31)
    at jasmine.Queue.start (/usr/local/lib/node_modules/jasmine-node/lib/jasmine-node/jasmine-1.3.1.js:2130:8)
    at jasmine.Suite.execute (/usr/local/lib/node_modules/jasmine-node/lib/jasmine-node/jasmine-1.3.1.js:2604:14)
    at jasmine.Queue.next_ (/usr/local/lib/node_modules/jasmine-node/lib/jasmine-node/jasmine-1.3.1.js:2177:31)
    at onComplete (/usr/local/lib/node_modules/jasmine-node/lib/jasmine-node/jasmine-1.3.1.js:2173:18)</failure></testcase>
  <testcase classname="multiple destinations" name="move all to right 1" time="0.001"><failure type="expect" message="TypeError: jasmine.getFixtures is not a function">TypeError: jasmine.getFixtures is not a function
    at null.&amp;lt;anonymous&amp;gt; (/var/www/html/multiselect/spec/multiple-destinations.spec.js:51:17)
    at jasmine.Block.execute (/usr/local/lib/node_modules/jasmine-node/lib/jasmine-node/jasmine-1.3.1.js:1145:17)
    at jasmine.Queue.next_ (/usr/local/lib/node_modules/jasmine-node/lib/jasmine-node/jasmine-1.3.1.js:2177:31)
    at jasmine.Queue.start (/usr/local/lib/node_modules/jasmine-node/lib/jasmine-node/jasmine-1.3.1.js:2130:8)
    at jasmine.Spec.execute (/usr/local/lib/node_modules/jasmine-node/lib/jasmine-node/jasmine-1.3.1.js:2458:14)
    at jasmine.Queue.next_ (/usr/local/lib/node_modules/jasmine-node/lib/jasmine-node/jasmine-1.3.1.js:2177:31)
    at jasmine.Queue.start (/usr/local/lib/node_modules/jasmine-node/lib/jasmine-node/jasmine-1.3.1.js:2130:8)
    at jasmine.Suite.execute (/usr/local/lib/node_modules/jasmine-node/lib/jasmine-node/jasmine-1.3.1.js:2604:14)
    at jasmine.Queue.next_ (/usr/local/lib/node_modules/jasmine-node/lib/jasmine-node/jasmine-1.3.1.js:2177:31)
    at onComplete (/usr/local/lib/node_modules/jasmine-node/lib/jasmine-node/jasmine-1.3.1.js:2173:18)</failure><failure type="expect" message="ReferenceError: $ is not defined">ReferenceError: $ is not defined
    at null.&amp;lt;anonymous&amp;gt; (/var/www/html/multiselect/spec/multiple-destinations.spec.js:149:9)
    at jasmine.Block.execute (/usr/local/lib/node_modules/jasmine-node/lib/jasmine-node/jasmine-1.3.1.js:1145:17)
    at jasmine.Queue.next_ (/usr/local/lib/node_modules/jasmine-node/lib/jasmine-node/jasmine-1.3.1.js:2177:31)
    at jasmine.Queue.start (/usr/local/lib/node_modules/jasmine-node/lib/jasmine-node/jasmine-1.3.1.js:2130:8)
    at jasmine.Spec.execute (/usr/local/lib/node_modules/jasmine-node/lib/jasmine-node/jasmine-1.3.1.js:2458:14)
    at jasmine.Queue.next_ (/usr/local/lib/node_modules/jasmine-node/lib/jasmine-node/jasmine-1.3.1.js:2177:31)
    at jasmine.Queue.start (/usr/local/lib/node_modules/jasmine-node/lib/jasmine-node/jasmine-1.3.1.js:2130:8)
    at jasmine.Suite.execute (/usr/local/lib/node_modules/jasmine-node/lib/jasmine-node/jasmine-1.3.1.js:2604:14)
    at jasmine.Queue.next_ (/usr/local/lib/node_modules/jasmine-node/lib/jasmine-node/jasmine-1.3.1.js:2177:31)
    at onComplete (/usr/local/lib/node_modules/jasmine-node/lib/jasmine-node/jasmine-1.3.1.js:2173:18)</failure></testcase>
  <testcase classname="multiple destinations" name="move one to right 1" time="0.001"><failure type="expect" message="TypeError: jasmine.getFixtures is not a function">TypeError: jasmine.getFixtures is not a function
    at null.&amp;lt;anonymous&amp;gt; (/var/www/html/multiselect/spec/multiple-destinations.spec.js:51:17)
    at jasmine.Block.execute (/usr/local/lib/node_modules/jasmine-node/lib/jasmine-node/jasmine-1.3.1.js:1145:17)
    at jasmine.Queue.next_ (/usr/local/lib/node_modules/jasmine-node/lib/jasmine-node/jasmine-1.3.1.js:2177:31)
    at jasmine.Queue.start (/usr/local/lib/node_modules/jasmine-node/lib/jasmine-node/jasmine-1.3.1.js:2130:8)
    at jasmine.Spec.execute (/usr/local/lib/node_modules/jasmine-node/lib/jasmine-node/jasmine-1.3.1.js:2458:14)
    at jasmine.Queue.next_ (/usr/local/lib/node_modules/jasmine-node/lib/jasmine-node/jasmine-1.3.1.js:2177:31)
    at jasmine.Queue.start (/usr/local/lib/node_modules/jasmine-node/lib/jasmine-node/jasmine-1.3.1.js:2130:8)
    at jasmine.Suite.execute (/usr/local/lib/node_modules/jasmine-node/lib/jasmine-node/jasmine-1.3.1.js:2604:14)
    at jasmine.Queue.next_ (/usr/local/lib/node_modules/jasmine-node/lib/jasmine-node/jasmine-1.3.1.js:2177:31)
    at onComplete (/usr/local/lib/node_modules/jasmine-node/lib/jasmine-node/jasmine-1.3.1.js:2173:18)</failure><failure type="expect" message="TypeError: Cannot read property &amp;apos;find&amp;apos; of undefined">TypeError: Cannot read property &amp;apos;find&amp;apos; of undefined
    at null.&amp;lt;anonymous&amp;gt; (/var/www/html/multiselect/spec/multiple-destinations.spec.js:156:21)
    at jasmine.Block.execute (/usr/local/lib/node_modules/jasmine-node/lib/jasmine-node/jasmine-1.3.1.js:1145:17)
    at jasmine.Queue.next_ (/usr/local/lib/node_modules/jasmine-node/lib/jasmine-node/jasmine-1.3.1.js:2177:31)
    at jasmine.Queue.start (/usr/local/lib/node_modules/jasmine-node/lib/jasmine-node/jasmine-1.3.1.js:2130:8)
    at jasmine.Spec.execute (/usr/local/lib/node_modules/jasmine-node/lib/jasmine-node/jasmine-1.3.1.js:2458:14)
    at jasmine.Queue.next_ (/usr/local/lib/node_modules/jasmine-node/lib/jasmine-node/jasmine-1.3.1.js:2177:31)
    at jasmine.Queue.start (/usr/local/lib/node_modules/jasmine-node/lib/jasmine-node/jasmine-1.3.1.js:2130:8)
    at jasmine.Suite.execute (/usr/local/lib/node_modules/jasmine-node/lib/jasmine-node/jasmine-1.3.1.js:2604:14)
    at jasmine.Queue.next_ (/usr/local/lib/node_modules/jasmine-node/lib/jasmine-node/jasmine-1.3.1.js:2177:31)
    at onComplete (/usr/local/lib/node_modules/jasmine-node/lib/jasmine-node/jasmine-1.3.1.js:2173:18)</failure></testcase>
  <testcase classname="multiple destinations" name="move all selected to right 1" time="0"><failure type="expect" message="TypeError: jasmine.getFixtures is not a function">TypeError: jasmine.getFixtures is not a function
    at null.&amp;lt;anonymous&amp;gt; (/var/www/html/multiselect/spec/multiple-destinations.spec.js:51:17)
    at jasmine.Block.execute (/usr/local/lib/node_modules/jasmine-node/lib/jasmine-node/jasmine-1.3.1.js:1145:17)
    at jasmine.Queue.next_ (/usr/local/lib/node_modules/jasmine-node/lib/jasmine-node/jasmine-1.3.1.js:2177:31)
    at jasmine.Queue.start (/usr/local/lib/node_modules/jasmine-node/lib/jasmine-node/jasmine-1.3.1.js:2130:8)
    at jasmine.Spec.execute (/usr/local/lib/node_modules/jasmine-node/lib/jasmine-node/jasmine-1.3.1.js:2458:14)
    at jasmine.Queue.next_ (/usr/local/lib/node_modules/jasmine-node/lib/jasmine-node/jasmine-1.3.1.js:2177:31)
    at jasmine.Queue.start (/usr/local/lib/node_modules/jasmine-node/lib/jasmine-node/jasmine-1.3.1.js:2130:8)
    at jasmine.Suite.execute (/usr/local/lib/node_modules/jasmine-node/lib/jasmine-node/jasmine-1.3.1.js:2604:14)
    at jasmine.Queue.next_ (/usr/local/lib/node_modules/jasmine-node/lib/jasmine-node/jasmine-1.3.1.js:2177:31)
    at onComplete (/usr/local/lib/node_modules/jasmine-node/lib/jasmine-node/jasmine-1.3.1.js:2173:18)</failure><failure type="expect" message="TypeError: Cannot read property &amp;apos;find&amp;apos; of undefined">TypeError: Cannot read property &amp;apos;find&amp;apos; of undefined
    at null.&amp;lt;anonymous&amp;gt; (/var/www/html/multiselect/spec/multiple-destinations.spec.js:166:21)
    at jasmine.Block.execute (/usr/local/lib/node_modules/jasmine-node/lib/jasmine-node/jasmine-1.3.1.js:1145:17)
    at jasmine.Queue.next_ (/usr/local/lib/node_modules/jasmine-node/lib/jasmine-node/jasmine-1.3.1.js:2177:31)
    at jasmine.Queue.start (/usr/local/lib/node_modules/jasmine-node/lib/jasmine-node/jasmine-1.3.1.js:2130:8)
    at jasmine.Spec.execute (/usr/local/lib/node_modules/jasmine-node/lib/jasmine-node/jasmine-1.3.1.js:2458:14)
    at jasmine.Queue.next_ (/usr/local/lib/node_modules/jasmine-node/lib/jasmine-node/jasmine-1.3.1.js:2177:31)
    at jasmine.Queue.start (/usr/local/lib/node_modules/jasmine-node/lib/jasmine-node/jasmine-1.3.1.js:2130:8)
    at jasmine.Suite.execute (/usr/local/lib/node_modules/jasmine-node/lib/jasmine-node/jasmine-1.3.1.js:2604:14)
    at jasmine.Queue.next_ (/usr/local/lib/node_modules/jasmine-node/lib/jasmine-node/jasmine-1.3.1.js:2177:31)
    at onComplete (/usr/local/lib/node_modules/jasmine-node/lib/jasmine-node/jasmine-1.3.1.js:2173:18)</failure></testcase>
  <testcase classname="multiple destinations" name="move all to left 1" time="0.001"><failure type="expect" message="TypeError: jasmine.getFixtures is not a function">TypeError: jasmine.getFixtures is not a function
    at null.&amp;lt;anonymous&amp;gt; (/var/www/html/multiselect/spec/multiple-destinations.spec.js:51:17)
    at jasmine.Block.execute (/usr/local/lib/node_modules/jasmine-node/lib/jasmine-node/jasmine-1.3.1.js:1145:17)
    at jasmine.Queue.next_ (/usr/local/lib/node_modules/jasmine-node/lib/jasmine-node/jasmine-1.3.1.js:2177:31)
    at jasmine.Queue.start (/usr/local/lib/node_modules/jasmine-node/lib/jasmine-node/jasmine-1.3.1.js:2130:8)
    at jasmine.Spec.execute (/usr/local/lib/node_modules/jasmine-node/lib/jasmine-node/jasmine-1.3.1.js:2458:14)
    at jasmine.Queue.next_ (/usr/local/lib/node_modules/jasmine-node/lib/jasmine-node/jasmine-1.3.1.js:2177:31)
    at jasmine.Queue.start (/usr/local/lib/node_modules/jasmine-node/lib/jasmine-node/jasmine-1.3.1.js:2130:8)
    at jasmine.Suite.execute (/usr/local/lib/node_modules/jasmine-node/lib/jasmine-node/jasmine-1.3.1.js:2604:14)
    at jasmine.Queue.next_ (/usr/local/lib/node_modules/jasmine-node/lib/jasmine-node/jasmine-1.3.1.js:2177:31)
    at onComplete (/usr/local/lib/node_modules/jasmine-node/lib/jasmine-node/jasmine-1.3.1.js:2173:18)</failure><failure type="expect" message="ReferenceError: $ is not defined">ReferenceError: $ is not defined
    at null.&amp;lt;anonymous&amp;gt; (/var/www/html/multiselect/spec/multiple-destinations.spec.js:177:9)
    at jasmine.Block.execute (/usr/local/lib/node_modules/jasmine-node/lib/jasmine-node/jasmine-1.3.1.js:1145:17)
    at jasmine.Queue.next_ (/usr/local/lib/node_modules/jasmine-node/lib/jasmine-node/jasmine-1.3.1.js:2177:31)
    at jasmine.Queue.start (/usr/local/lib/node_modules/jasmine-node/lib/jasmine-node/jasmine-1.3.1.js:2130:8)
    at jasmine.Spec.execute (/usr/local/lib/node_modules/jasmine-node/lib/jasmine-node/jasmine-1.3.1.js:2458:14)
    at jasmine.Queue.next_ (/usr/local/lib/node_modules/jasmine-node/lib/jasmine-node/jasmine-1.3.1.js:2177:31)
    at jasmine.Queue.start (/usr/local/lib/node_modules/jasmine-node/lib/jasmine-node/jasmine-1.3.1.js:2130:8)
    at jasmine.Suite.execute (/usr/local/lib/node_modules/jasmine-node/lib/jasmine-node/jasmine-1.3.1.js:2604:14)
    at jasmine.Queue.next_ (/usr/local/lib/node_modules/jasmine-node/lib/jasmine-node/jasmine-1.3.1.js:2177:31)
    at onComplete (/usr/local/lib/node_modules/jasmine-node/lib/jasmine-node/jasmine-1.3.1.js:2173:18)</failure></testcase>
  <testcase classname="multiple destinations" name="move one to left 1" time="0.001"><failure type="expect" message="TypeError: jasmine.getFixtures is not a function">TypeError: jasmine.getFixtures is not a function
    at null.&amp;lt;anonymous&amp;gt; (/var/www/html/multiselect/spec/multiple-destinations.spec.js:51:17)
    at jasmine.Block.execute (/usr/local/lib/node_modules/jasmine-node/lib/jasmine-node/jasmine-1.3.1.js:1145:17)
    at jasmine.Queue.next_ (/usr/local/lib/node_modules/jasmine-node/lib/jasmine-node/jasmine-1.3.1.js:2177:31)
    at jasmine.Queue.start (/usr/local/lib/node_modules/jasmine-node/lib/jasmine-node/jasmine-1.3.1.js:2130:8)
    at jasmine.Spec.execute (/usr/local/lib/node_modules/jasmine-node/lib/jasmine-node/jasmine-1.3.1.js:2458:14)
    at jasmine.Queue.next_ (/usr/local/lib/node_modules/jasmine-node/lib/jasmine-node/jasmine-1.3.1.js:2177:31)
    at jasmine.Queue.start (/usr/local/lib/node_modules/jasmine-node/lib/jasmine-node/jasmine-1.3.1.js:2130:8)
    at jasmine.Suite.execute (/usr/local/lib/node_modules/jasmine-node/lib/jasmine-node/jasmine-1.3.1.js:2604:14)
    at jasmine.Queue.next_ (/usr/local/lib/node_modules/jasmine-node/lib/jasmine-node/jasmine-1.3.1.js:2177:31)
    at onComplete (/usr/local/lib/node_modules/jasmine-node/lib/jasmine-node/jasmine-1.3.1.js:2173:18)</failure><failure type="expect" message="ReferenceError: $ is not defined">ReferenceError: $ is not defined
    at null.&amp;lt;anonymous&amp;gt; (/var/www/html/multiselect/spec/multiple-destinations.spec.js:188:9)
    at jasmine.Block.execute (/usr/local/lib/node_modules/jasmine-node/lib/jasmine-node/jasmine-1.3.1.js:1145:17)
    at jasmine.Queue.next_ (/usr/local/lib/node_modules/jasmine-node/lib/jasmine-node/jasmine-1.3.1.js:2177:31)
    at jasmine.Queue.start (/usr/local/lib/node_modules/jasmine-node/lib/jasmine-node/jasmine-1.3.1.js:2130:8)
    at jasmine.Spec.execute (/usr/local/lib/node_modules/jasmine-node/lib/jasmine-node/jasmine-1.3.1.js:2458:14)
    at jasmine.Queue.next_ (/usr/local/lib/node_modules/jasmine-node/lib/jasmine-node/jasmine-1.3.1.js:2177:31)
    at jasmine.Queue.start (/usr/local/lib/node_modules/jasmine-node/lib/jasmine-node/jasmine-1.3.1.js:2130:8)
    at jasmine.Suite.execute (/usr/local/lib/node_modules/jasmine-node/lib/jasmine-node/jasmine-1.3.1.js:2604:14)
    at jasmine.Queue.next_ (/usr/local/lib/node_modules/jasmine-node/lib/jasmine-node/jasmine-1.3.1.js:2177:31)
    at onComplete (/usr/local/lib/node_modules/jasmine-node/lib/jasmine-node/jasmine-1.3.1.js:2173:18)</failure></testcase>
  <testcase classname="multiple destinations" name="move all selected to left 1" time="0.001"><failure type="expect" message="TypeError: jasmine.getFixtures is not a function">TypeError: jasmine.getFixtures is not a function
    at null.&amp;lt;anonymous&amp;gt; (/var/www/html/multiselect/spec/multiple-destinations.spec.js:51:17)
    at jasmine.Block.execute (/usr/local/lib/node_modules/jasmine-node/lib/jasmine-node/jasmine-1.3.1.js:1145:17)
    at jasmine.Queue.next_ (/usr/local/lib/node_modules/jasmine-node/lib/jasmine-node/jasmine-1.3.1.js:2177:31)
    at jasmine.Queue.start (/usr/local/lib/node_modules/jasmine-node/lib/jasmine-node/jasmine-1.3.1.js:2130:8)
    at jasmine.Spec.execute (/usr/local/lib/node_modules/jasmine-node/lib/jasmine-node/jasmine-1.3.1.js:2458:14)
    at jasmine.Queue.next_ (/usr/local/lib/node_modules/jasmine-node/lib/jasmine-node/jasmine-1.3.1.js:2177:31)
    at jasmine.Queue.start (/usr/local/lib/node_modules/jasmine-node/lib/jasmine-node/jasmine-1.3.1.js:2130:8)
    at jasmine.Suite.execute (/usr/local/lib/node_modules/jasmine-node/lib/jasmine-node/jasmine-1.3.1.js:2604:14)
    at jasmine.Queue.next_ (/usr/local/lib/node_modules/jasmine-node/lib/jasmine-node/jasmine-1.3.1.js:2177:31)
    at onComplete (/usr/local/lib/node_modules/jasmine-node/lib/jasmine-node/jasmine-1.3.1.js:2173:18)</failure><failure type="expect" message="ReferenceError: $ is not defined">ReferenceError: $ is not defined
    at null.&amp;lt;anonymous&amp;gt; (/var/www/html/multiselect/spec/multiple-destinations.spec.js:201:9)
    at jasmine.Block.execute (/usr/local/lib/node_modules/jasmine-node/lib/jasmine-node/jasmine-1.3.1.js:1145:17)
    at jasmine.Queue.next_ (/usr/local/lib/node_modules/jasmine-node/lib/jasmine-node/jasmine-1.3.1.js:2177:31)
    at jasmine.Queue.start (/usr/local/lib/node_modules/jasmine-node/lib/jasmine-node/jasmine-1.3.1.js:2130:8)
    at jasmine.Spec.execute (/usr/local/lib/node_modules/jasmine-node/lib/jasmine-node/jasmine-1.3.1.js:2458:14)
    at jasmine.Queue.next_ (/usr/local/lib/node_modules/jasmine-node/lib/jasmine-node/jasmine-1.3.1.js:2177:31)
    at jasmine.Queue.start (/usr/local/lib/node_modules/jasmine-node/lib/jasmine-node/jasmine-1.3.1.js:2130:8)
    at jasmine.Suite.execute (/usr/local/lib/node_modules/jasmine-node/lib/jasmine-node/jasmine-1.3.1.js:2604:14)
    at jasmine.Queue.next_ (/usr/local/lib/node_modules/jasmine-node/lib/jasmine-node/jasmine-1.3.1.js:2177:31)
    at onComplete (/usr/local/lib/node_modules/jasmine-node/lib/jasmine-node/jasmine-1.3.1.js:2173:18)</failure></testcase>
  <testcase classname="multiple destinations" name="move all to right 2" time="0"><failure type="expect" message="TypeError: jasmine.getFixtures is not a function">TypeError: jasmine.getFixtures is not a function
    at null.&amp;lt;anonymous&amp;gt; (/var/www/html/multiselect/spec/multiple-destinations.spec.js:51:17)
    at jasmine.Block.execute (/usr/local/lib/node_modules/jasmine-node/lib/jasmine-node/jasmine-1.3.1.js:1145:17)
    at jasmine.Queue.next_ (/usr/local/lib/node_modules/jasmine-node/lib/jasmine-node/jasmine-1.3.1.js:2177:31)
    at jasmine.Queue.start (/usr/local/lib/node_modules/jasmine-node/lib/jasmine-node/jasmine-1.3.1.js:2130:8)
    at jasmine.Spec.execute (/usr/local/lib/node_modules/jasmine-node/lib/jasmine-node/jasmine-1.3.1.js:2458:14)
    at jasmine.Queue.next_ (/usr/local/lib/node_modules/jasmine-node/lib/jasmine-node/jasmine-1.3.1.js:2177:31)
    at jasmine.Queue.start (/usr/local/lib/node_modules/jasmine-node/lib/jasmine-node/jasmine-1.3.1.js:2130:8)
    at jasmine.Suite.execute (/usr/local/lib/node_modules/jasmine-node/lib/jasmine-node/jasmine-1.3.1.js:2604:14)
    at jasmine.Queue.next_ (/usr/local/lib/node_modules/jasmine-node/lib/jasmine-node/jasmine-1.3.1.js:2177:31)
    at onComplete (/usr/local/lib/node_modules/jasmine-node/lib/jasmine-node/jasmine-1.3.1.js:2173:18)</failure><failure type="expect" message="ReferenceError: $ is not defined">ReferenceError: $ is not defined
    at null.&amp;lt;anonymous&amp;gt; (/var/www/html/multiselect/spec/multiple-destinations.spec.js:218:9)
    at jasmine.Block.execute (/usr/local/lib/node_modules/jasmine-node/lib/jasmine-node/jasmine-1.3.1.js:1145:17)
    at jasmine.Queue.next_ (/usr/local/lib/node_modules/jasmine-node/lib/jasmine-node/jasmine-1.3.1.js:2177:31)
    at jasmine.Queue.start (/usr/local/lib/node_modules/jasmine-node/lib/jasmine-node/jasmine-1.3.1.js:2130:8)
    at jasmine.Spec.execute (/usr/local/lib/node_modules/jasmine-node/lib/jasmine-node/jasmine-1.3.1.js:2458:14)
    at jasmine.Queue.next_ (/usr/local/lib/node_modules/jasmine-node/lib/jasmine-node/jasmine-1.3.1.js:2177:31)
    at jasmine.Queue.start (/usr/local/lib/node_modules/jasmine-node/lib/jasmine-node/jasmine-1.3.1.js:2130:8)
    at jasmine.Suite.execute (/usr/local/lib/node_modules/jasmine-node/lib/jasmine-node/jasmine-1.3.1.js:2604:14)
    at jasmine.Queue.next_ (/usr/local/lib/node_modules/jasmine-node/lib/jasmine-node/jasmine-1.3.1.js:2177:31)
    at onComplete (/usr/local/lib/node_modules/jasmine-node/lib/jasmine-node/jasmine-1.3.1.js:2173:18)</failure></testcase>
  <testcase classname="multiple destinations" name="move one to right 2" time="0.001"><failure type="expect" message="TypeError: jasmine.getFixtures is not a function">TypeError: jasmine.getFixtures is not a function
    at null.&amp;lt;anonymous&amp;gt; (/var/www/html/multiselect/spec/multiple-destinations.spec.js:51:17)
    at jasmine.Block.execute (/usr/local/lib/node_modules/jasmine-node/lib/jasmine-node/jasmine-1.3.1.js:1145:17)
    at jasmine.Queue.next_ (/usr/local/lib/node_modules/jasmine-node/lib/jasmine-node/jasmine-1.3.1.js:2177:31)
    at jasmine.Queue.start (/usr/local/lib/node_modules/jasmine-node/lib/jasmine-node/jasmine-1.3.1.js:2130:8)
    at jasmine.Spec.execute (/usr/local/lib/node_modules/jasmine-node/lib/jasmine-node/jasmine-1.3.1.js:2458:14)
    at jasmine.Queue.next_ (/usr/local/lib/node_modules/jasmine-node/lib/jasmine-node/jasmine-1.3.1.js:2177:31)
    at jasmine.Queue.start (/usr/local/lib/node_modules/jasmine-node/lib/jasmine-node/jasmine-1.3.1.js:2130:8)
    at jasmine.Suite.execute (/usr/local/lib/node_modules/jasmine-node/lib/jasmine-node/jasmine-1.3.1.js:2604:14)
    at jasmine.Queue.next_ (/usr/local/lib/node_modules/jasmine-node/lib/jasmine-node/jasmine-1.3.1.js:2177:31)
    at onComplete (/usr/local/lib/node_modules/jasmine-node/lib/jasmine-node/jasmine-1.3.1.js:2173:18)</failure><failure type="expect" message="TypeError: Cannot read property &amp;apos;find&amp;apos; of undefined">TypeError: Cannot read property &amp;apos;find&amp;apos; of undefined
    at null.&amp;lt;anonymous&amp;gt; (/var/www/html/multiselect/spec/multiple-destinations.spec.js:225:21)
    at jasmine.Block.execute (/usr/local/lib/node_modules/jasmine-node/lib/jasmine-node/jasmine-1.3.1.js:1145:17)
    at jasmine.Queue.next_ (/usr/local/lib/node_modules/jasmine-node/lib/jasmine-node/jasmine-1.3.1.js:2177:31)
    at jasmine.Queue.start (/usr/local/lib/node_modules/jasmine-node/lib/jasmine-node/jasmine-1.3.1.js:2130:8)
    at jasmine.Spec.execute (/usr/local/lib/node_modules/jasmine-node/lib/jasmine-node/jasmine-1.3.1.js:2458:14)
    at jasmine.Queue.next_ (/usr/local/lib/node_modules/jasmine-node/lib/jasmine-node/jasmine-1.3.1.js:2177:31)
    at jasmine.Queue.start (/usr/local/lib/node_modules/jasmine-node/lib/jasmine-node/jasmine-1.3.1.js:2130:8)
    at jasmine.Suite.execute (/usr/local/lib/node_modules/jasmine-node/lib/jasmine-node/jasmine-1.3.1.js:2604:14)
    at jasmine.Queue.next_ (/usr/local/lib/node_modules/jasmine-node/lib/jasmine-node/jasmine-1.3.1.js:2177:31)
    at onComplete (/usr/local/lib/node_modules/jasmine-node/lib/jasmine-node/jasmine-1.3.1.js:2173:18)</failure></testcase>
  <testcase classname="multiple destinations" name="move all selected to right 2" time="0.001"><failure type="expect" message="TypeError: jasmine.getFixtures is not a function">TypeError: jasmine.getFixtures is not a function
    at null.&amp;lt;anonymous&amp;gt; (/var/www/html/multiselect/spec/multiple-destinations.spec.js:51:17)
    at jasmine.Block.execute (/usr/local/lib/node_modules/jasmine-node/lib/jasmine-node/jasmine-1.3.1.js:1145:17)
    at jasmine.Queue.next_ (/usr/local/lib/node_modules/jasmine-node/lib/jasmine-node/jasmine-1.3.1.js:2177:31)
    at jasmine.Queue.start (/usr/local/lib/node_modules/jasmine-node/lib/jasmine-node/jasmine-1.3.1.js:2130:8)
    at jasmine.Spec.execute (/usr/local/lib/node_modules/jasmine-node/lib/jasmine-node/jasmine-1.3.1.js:2458:14)
    at jasmine.Queue.next_ (/usr/local/lib/node_modules/jasmine-node/lib/jasmine-node/jasmine-1.3.1.js:2177:31)
    at jasmine.Queue.start (/usr/local/lib/node_modules/jasmine-node/lib/jasmine-node/jasmine-1.3.1.js:2130:8)
    at jasmine.Suite.execute (/usr/local/lib/node_modules/jasmine-node/lib/jasmine-node/jasmine-1.3.1.js:2604:14)
    at jasmine.Queue.next_ (/usr/local/lib/node_modules/jasmine-node/lib/jasmine-node/jasmine-1.3.1.js:2177:31)
    at onComplete (/usr/local/lib/node_modules/jasmine-node/lib/jasmine-node/jasmine-1.3.1.js:2173:18)</failure><failure type="expect" message="TypeError: Cannot read property &amp;apos;find&amp;apos; of undefined">TypeError: Cannot read property &amp;apos;find&amp;apos; of undefined
    at null.&amp;lt;anonymous&amp;gt; (/var/www/html/multiselect/spec/multiple-destinations.spec.js:235:21)
    at jasmine.Block.execute (/usr/local/lib/node_modules/jasmine-node/lib/jasmine-node/jasmine-1.3.1.js:1145:17)
    at jasmine.Queue.next_ (/usr/local/lib/node_modules/jasmine-node/lib/jasmine-node/jasmine-1.3.1.js:2177:31)
    at jasmine.Queue.start (/usr/local/lib/node_modules/jasmine-node/lib/jasmine-node/jasmine-1.3.1.js:2130:8)
    at jasmine.Spec.execute (/usr/local/lib/node_modules/jasmine-node/lib/jasmine-node/jasmine-1.3.1.js:2458:14)
    at jasmine.Queue.next_ (/usr/local/lib/node_modules/jasmine-node/lib/jasmine-node/jasmine-1.3.1.js:2177:31)
    at jasmine.Queue.start (/usr/local/lib/node_modules/jasmine-node/lib/jasmine-node/jasmine-1.3.1.js:2130:8)
    at jasmine.Suite.execute (/usr/local/lib/node_modules/jasmine-node/lib/jasmine-node/jasmine-1.3.1.js:2604:14)
    at jasmine.Queue.next_ (/usr/local/lib/node_modules/jasmine-node/lib/jasmine-node/jasmine-1.3.1.js:2177:31)
    at onComplete (/usr/local/lib/node_modules/jasmine-node/lib/jasmine-node/jasmine-1.3.1.js:2173:18)</failure></testcase>
  <testcase classname="multiple destinations" name="move all to left 2" time="0.001"><failure type="expect" message="TypeError: jasmine.getFixtures is not a function">TypeError: jasmine.getFixtures is not a function
    at null.&amp;lt;anonymous&amp;gt; (/var/www/html/multiselect/spec/multiple-destinations.spec.js:51:17)
    at jasmine.Block.execute (/usr/local/lib/node_modules/jasmine-node/lib/jasmine-node/jasmine-1.3.1.js:1145:17)
    at jasmine.Queue.next_ (/usr/local/lib/node_modules/jasmine-node/lib/jasmine-node/jasmine-1.3.1.js:2177:31)
    at jasmine.Queue.start (/usr/local/lib/node_modules/jasmine-node/lib/jasmine-node/jasmine-1.3.1.js:2130:8)
    at jasmine.Spec.execute (/usr/local/lib/node_modules/jasmine-node/lib/jasmine-node/jasmine-1.3.1.js:2458:14)
    at jasmine.Queue.next_ (/usr/local/lib/node_modules/jasmine-node/lib/jasmine-node/jasmine-1.3.1.js:2177:31)
    at jasmine.Queue.start (/usr/local/lib/node_modules/jasmine-node/lib/jasmine-node/jasmine-1.3.1.js:2130:8)
    at jasmine.Suite.execute (/usr/local/lib/node_modules/jasmine-node/lib/jasmine-node/jasmine-1.3.1.js:2604:14)
    at jasmine.Queue.next_ (/usr/local/lib/node_modules/jasmine-node/lib/jasmine-node/jasmine-1.3.1.js:2177:31)
    at onComplete (/usr/local/lib/node_modules/jasmine-node/lib/jasmine-node/jasmine-1.3.1.js:2173:18)</failure><failure type="expect" message="ReferenceError: $ is not defined">ReferenceError: $ is not defined
    at null.&amp;lt;anonymous&amp;gt; (/var/www/html/multiselect/spec/multiple-destinations.spec.js:246:9)
    at jasmine.Block.execute (/usr/local/lib/node_modules/jasmine-node/lib/jasmine-node/jasmine-1.3.1.js:1145:17)
    at jasmine.Queue.next_ (/usr/local/lib/node_modules/jasmine-node/lib/jasmine-node/jasmine-1.3.1.js:2177:31)
    at jasmine.Queue.start (/usr/local/lib/node_modules/jasmine-node/lib/jasmine-node/jasmine-1.3.1.js:2130:8)
    at jasmine.Spec.execute (/usr/local/lib/node_modules/jasmine-node/lib/jasmine-node/jasmine-1.3.1.js:2458:14)
    at jasmine.Queue.next_ (/usr/local/lib/node_modules/jasmine-node/lib/jasmine-node/jasmine-1.3.1.js:2177:31)
    at jasmine.Queue.start (/usr/local/lib/node_modules/jasmine-node/lib/jasmine-node/jasmine-1.3.1.js:2130:8)
    at jasmine.Suite.execute (/usr/local/lib/node_modules/jasmine-node/lib/jasmine-node/jasmine-1.3.1.js:2604:14)
    at jasmine.Queue.next_ (/usr/local/lib/node_modules/jasmine-node/lib/jasmine-node/jasmine-1.3.1.js:2177:31)
    at onComplete (/usr/local/lib/node_modules/jasmine-node/lib/jasmine-node/jasmine-1.3.1.js:2173:18)</failure></testcase>
  <testcase classname="multiple destinations" name="move one to left 2" time="0"><failure type="expect" message="TypeError: jasmine.getFixtures is not a function">TypeError: jasmine.getFixtures is not a function
    at null.&amp;lt;anonymous&amp;gt; (/var/www/html/multiselect/spec/multiple-destinations.spec.js:51:17)
    at jasmine.Block.execute (/usr/local/lib/node_modules/jasmine-node/lib/jasmine-node/jasmine-1.3.1.js:1145:17)
    at jasmine.Queue.next_ (/usr/local/lib/node_modules/jasmine-node/lib/jasmine-node/jasmine-1.3.1.js:2177:31)
    at jasmine.Queue.start (/usr/local/lib/node_modules/jasmine-node/lib/jasmine-node/jasmine-1.3.1.js:2130:8)
    at jasmine.Spec.execute (/usr/local/lib/node_modules/jasmine-node/lib/jasmine-node/jasmine-1.3.1.js:2458:14)
    at jasmine.Queue.next_ (/usr/local/lib/node_modules/jasmine-node/lib/jasmine-node/jasmine-1.3.1.js:2177:31)
    at jasmine.Queue.start (/usr/local/lib/node_modules/jasmine-node/lib/jasmine-node/jasmine-1.3.1.js:2130:8)
    at jasmine.Suite.execute (/usr/local/lib/node_modules/jasmine-node/lib/jasmine-node/jasmine-1.3.1.js:2604:14)
    at jasmine.Queue.next_ (/usr/local/lib/node_modules/jasmine-node/lib/jasmine-node/jasmine-1.3.1.js:2177:31)
    at onComplete (/usr/local/lib/node_modules/jasmine-node/lib/jasmine-node/jasmine-1.3.1.js:2173:18)</failure><failure type="expect" message="ReferenceError: $ is not defined">ReferenceError: $ is not defined
    at null.&amp;lt;anonymous&amp;gt; (/var/www/html/multiselect/spec/multiple-destinations.spec.js:257:9)
    at jasmine.Block.execute (/usr/local/lib/node_modules/jasmine-node/lib/jasmine-node/jasmine-1.3.1.js:1145:17)
    at jasmine.Queue.next_ (/usr/local/lib/node_modules/jasmine-node/lib/jasmine-node/jasmine-1.3.1.js:2177:31)
    at jasmine.Queue.start (/usr/local/lib/node_modules/jasmine-node/lib/jasmine-node/jasmine-1.3.1.js:2130:8)
    at jasmine.Spec.execute (/usr/local/lib/node_modules/jasmine-node/lib/jasmine-node/jasmine-1.3.1.js:2458:14)
    at jasmine.Queue.next_ (/usr/local/lib/node_modules/jasmine-node/lib/jasmine-node/jasmine-1.3.1.js:2177:31)
    at jasmine.Queue.start (/usr/local/lib/node_modules/jasmine-node/lib/jasmine-node/jasmine-1.3.1.js:2130:8)
    at jasmine.Suite.execute (/usr/local/lib/node_modules/jasmine-node/lib/jasmine-node/jasmine-1.3.1.js:2604:14)
    at jasmine.Queue.next_ (/usr/local/lib/node_modules/jasmine-node/lib/jasmine-node/jasmine-1.3.1.js:2177:31)
    at onComplete (/usr/local/lib/node_modules/jasmine-node/lib/jasmine-node/jasmine-1.3.1.js:2173:18)</failure></testcase>
  <testcase classname="multiple destinations" name="move all selected to left 2" time="0.001"><failure type="expect" message="TypeError: jasmine.getFixtures is not a function">TypeError: jasmine.getFixtures is not a function
    at null.&amp;lt;anonymous&amp;gt; (/var/www/html/multiselect/spec/multiple-destinations.spec.js:51:17)
    at jasmine.Block.execute (/usr/local/lib/node_modules/jasmine-node/lib/jasmine-node/jasmine-1.3.1.js:1145:17)
    at jasmine.Queue.next_ (/usr/local/lib/node_modules/jasmine-node/lib/jasmine-node/jasmine-1.3.1.js:2177:31)
    at jasmine.Queue.start (/usr/local/lib/node_modules/jasmine-node/lib/jasmine-node/jasmine-1.3.1.js:2130:8)
    at jasmine.Spec.execute (/usr/local/lib/node_modules/jasmine-node/lib/jasmine-node/jasmine-1.3.1.js:2458:14)
    at jasmine.Queue.next_ (/usr/local/lib/node_modules/jasmine-node/lib/jasmine-node/jasmine-1.3.1.js:2177:31)
    at jasmine.Queue.start (/usr/local/lib/node_modules/jasmine-node/lib/jasmine-node/jasmine-1.3.1.js:2130:8)
    at jasmine.Suite.execute (/usr/local/lib/node_modules/jasmine-node/lib/jasmine-node/jasmine-1.3.1.js:2604:14)
    at jasmine.Queue.next_ (/usr/local/lib/node_modules/jasmine-node/lib/jasmine-node/jasmine-1.3.1.js:2177:31)
    at onComplete (/usr/local/lib/node_modules/jasmine-node/lib/jasmine-node/jasmine-1.3.1.js:2173:18)</failure><failure type="expect" message="ReferenceError: $ is not defined">ReferenceError: $ is not defined
    at null.&amp;lt;anonymous&amp;gt; (/var/www/html/multiselect/spec/multiple-destinations.spec.js:270:9)
    at jasmine.Block.execute (/usr/local/lib/node_modules/jasmine-node/lib/jasmine-node/jasmine-1.3.1.js:1145:17)
    at jasmine.Queue.next_ (/usr/local/lib/node_modules/jasmine-node/lib/jasmine-node/jasmine-1.3.1.js:2177:31)
    at jasmine.Queue.start (/usr/local/lib/node_modules/jasmine-node/lib/jasmine-node/jasmine-1.3.1.js:2130:8)
    at jasmine.Spec.execute (/usr/local/lib/node_modules/jasmine-node/lib/jasmine-node/jasmine-1.3.1.js:2458:14)
    at jasmine.Queue.next_ (/usr/local/lib/node_modules/jasmine-node/lib/jasmine-node/jasmine-1.3.1.js:2177:31)
    at jasmine.Queue.start (/usr/local/lib/node_modules/jasmine-node/lib/jasmine-node/jasmine-1.3.1.js:2130:8)
    at jasmine.Suite.execute (/usr/local/lib/node_modules/jasmine-node/lib/jasmine-node/jasmine-1.3.1.js:2604:14)
    at jasmine.Queue.next_ (/usr/local/lib/node_modules/jasmine-node/lib/jasmine-node/jasmine-1.3.1.js:2177:31)
    at onComplete (/usr/local/lib/node_modules/jasmine-node/lib/jasmine-node/jasmine-1.3.1.js:2173:18)</failure></testcase>
  <testcase classname="multiple destinations" name="move one to right 1 and one to right 2" time="0.002"><failure type="expect" message="TypeError: jasmine.getFixtures is not a function">TypeError: jasmine.getFixtures is not a function
    at null.&amp;lt;anonymous&amp;gt; (/var/www/html/multiselect/spec/multiple-destinations.spec.js:51:17)
    at jasmine.Block.execute (/usr/local/lib/node_modules/jasmine-node/lib/jasmine-node/jasmine-1.3.1.js:1145:17)
    at jasmine.Queue.next_ (/usr/local/lib/node_modules/jasmine-node/lib/jasmine-node/jasmine-1.3.1.js:2177:31)
    at jasmine.Queue.start (/usr/local/lib/node_modules/jasmine-node/lib/jasmine-node/jasmine-1.3.1.js:2130:8)
    at jasmine.Spec.execute (/usr/local/lib/node_modules/jasmine-node/lib/jasmine-node/jasmine-1.3.1.js:2458:14)
    at jasmine.Queue.next_ (/usr/local/lib/node_modules/jasmine-node/lib/jasmine-node/jasmine-1.3.1.js:2177:31)
    at jasmine.Queue.start (/usr/local/lib/node_modules/jasmine-node/lib/jasmine-node/jasmine-1.3.1.js:2130:8)
    at jasmine.Suite.execute (/usr/local/lib/node_modules/jasmine-node/lib/jasmine-node/jasmine-1.3.1.js:2604:14)
    at jasmine.Queue.next_ (/usr/local/lib/node_modules/jasmine-node/lib/jasmine-node/jasmine-1.3.1.js:2177:31)
    at onComplete (/usr/local/lib/node_modules/jasmine-node/lib/jasmine-node/jasmine-1.3.1.js:2173:18)</failure><failure type="expect" message="TypeError: Cannot read property &amp;apos;find&amp;apos; of undefined">TypeError: Cannot read property &amp;apos;find&amp;apos; of undefined
    at null.&amp;lt;anonymous&amp;gt; (/var/www/html/multiselect/spec/multiple-destinations.spec.js:282:21)
    at jasmine.Block.execute (/usr/local/lib/node_modules/jasmine-node/lib/jasmine-node/jasmine-1.3.1.js:1145:17)
    at jasmine.Queue.next_ (/usr/local/lib/node_modules/jasmine-node/lib/jasmine-node/jasmine-1.3.1.js:2177:31)
    at jasmine.Queue.start (/usr/local/lib/node_modules/jasmine-node/lib/jasmine-node/jasmine-1.3.1.js:2130:8)
    at jasmine.Spec.execute (/usr/local/lib/node_modules/jasmine-node/lib/jasmine-node/jasmine-1.3.1.js:2458:14)
    at jasmine.Queue.next_ (/usr/local/lib/node_modules/jasmine-node/lib/jasmine-node/jasmine-1.3.1.js:2177:31)
    at jasmine.Queue.start (/usr/local/lib/node_modules/jasmine-node/lib/jasmine-node/jasmine-1.3.1.js:2130:8)
    at jasmine.Suite.execute (/usr/local/lib/node_modules/jasmine-node/lib/jasmine-node/jasmine-1.3.1.js:2604:14)
    at jasmine.Queue.next_ (/usr/local/lib/node_modules/jasmine-node/lib/jasmine-node/jasmine-1.3.1.js:2177:31)
    at onComplete (/usr/local/lib/node_modules/jasmine-node/lib/jasmine-node/jasmine-1.3.1.js:2173:18)</failure></testcase>
</testsuite>
</testsuites>