<?xml version="1.0" encoding="UTF-8" ?>
<testsuites>
<testsuite name="zero configuration" errors="0" tests="7" failures="7" time="0.004" timestamp="2017-03-20T10:17:26">
  <testcase classname="zero configuration" name="multiselect is instantiated and contains options" time="0.001"><failure type="expect" message="TypeError: jasmine.getFixtures is not a function">TypeError: jasmine.getFixtures is not a function
    at null.&amp;lt;anonymous&amp;gt; (/var/www/html/multiselect/spec/zero-configuration.spec.js:29:17)
    at jasmine.Block.execute (/usr/local/lib/node_modules/jasmine-node/lib/jasmine-node/jasmine-1.3.1.js:1145:17)
    at jasmine.Queue.next_ (/usr/local/lib/node_modules/jasmine-node/lib/jasmine-node/jasmine-1.3.1.js:2177:31)
    at jasmine.Queue.start (/usr/local/lib/node_modules/jasmine-node/lib/jasmine-node/jasmine-1.3.1.js:2130:8)
    at jasmine.Spec.execute (/usr/local/lib/node_modules/jasmine-node/lib/jasmine-node/jasmine-1.3.1.js:2458:14)
    at jasmine.Queue.next_ (/usr/local/lib/node_modules/jasmine-node/lib/jasmine-node/jasmine-1.3.1.js:2177:31)
    at jasmine.Queue.start (/usr/local/lib/node_modules/jasmine-node/lib/jasmine-node/jasmine-1.3.1.js:2130:8)
    at jasmine.Suite.execute (/usr/local/lib/node_modules/jasmine-node/lib/jasmine-node/jasmine-1.3.1.js:2604:14)
    at jasmine.Queue.next_ (/usr/local/lib/node_modules/jasmine-node/lib/jasmine-node/jasmine-1.3.1.js:2177:31)
    at onComplete (/usr/local/lib/node_modules/jasmine-node/lib/jasmine-node/jasmine-1.3.1.js:2173:18)</failure><failure type="expect" message="TypeError: Cannot read property &amp;apos;attr&amp;apos; of undefined">TypeError: Cannot read property &amp;apos;attr&amp;apos; of undefined
    at null.&amp;lt;anonymous&amp;gt; (/var/www/html/multiselect/spec/zero-configuration.spec.js:36:28)
    at jasmine.Block.execute (/usr/local/lib/node_modules/jasmine-node/lib/jasmine-node/jasmine-1.3.1.js:1145:17)
    at jasmine.Queue.next_ (/usr/local/lib/node_modules/jasmine-node/lib/jasmine-node/jasmine-1.3.1.js:2177:31)
    at jasmine.Queue.start (/usr/local/lib/node_modules/jasmine-node/lib/jasmine-node/jasmine-1.3.1.js:2130:8)
    at jasmine.Spec.execute (/usr/local/lib/node_modules/jasmine-node/lib/jasmine-node/jasmine-1.3.1.js:2458:14)
    at jasmine.Queue.next_ (/usr/local/lib/node_modules/jasmine-node/lib/jasmine-node/jasmine-1.3.1.js:2177:31)
    at jasmine.Queue.start (/usr/local/lib/node_modules/jasmine-node/lib/jasmine-node/jasmine-1.3.1.js:2130:8)
    at jasmine.Suite.execute (/usr/local/lib/node_modules/jasmine-node/lib/jasmine-node/jasmine-1.3.1.js:2604:14)
    at jasmine.Queue.next_ (/usr/local/lib/node_modules/jasmine-node/lib/jasmine-node/jasmine-1.3.1.js:2177:31)
    at onComplete (/usr/local/lib/node_modules/jasmine-node/lib/jasmine-node/jasmine-1.3.1.js:2173:18)</failure></testcase>
  <testcase classname="zero configuration" name="move all to right" time="0"><failure type="expect" message="TypeError: jasmine.getFixtures is not a function">TypeError: jasmine.getFixtures is not a function
    at null.&amp;lt;anonymous&amp;gt; (/var/www/html/multiselect/spec/zero-configuration.spec.js:29:17)
    at jasmine.Block.execute (/usr/local/lib/node_modules/jasmine-node/lib/jasmine-node/jasmine-1.3.1.js:1145:17)
    at jasmine.Queue.next_ (/usr/local/lib/node_modules/jasmine-node/lib/jasmine-node/jasmine-1.3.1.js:2177:31)
    at jasmine.Queue.start (/usr/local/lib/node_modules/jasmine-node/lib/jasmine-node/jasmine-1.3.1.js:2130:8)
    at jasmine.Spec.execute (/usr/local/lib/node_modules/jasmine-node/lib/jasmine-node/jasmine-1.3.1.js:2458:14)
    at jasmine.Queue.next_ (/usr/local/lib/node_modules/jasmine-node/lib/jasmine-node/jasmine-1.3.1.js:2177:31)
    at jasmine.Queue.start (/usr/local/lib/node_modules/jasmine-node/lib/jasmine-node/jasmine-1.3.1.js:2130:8)
    at jasmine.Suite.execute (/usr/local/lib/node_modules/jasmine-node/lib/jasmine-node/jasmine-1.3.1.js:2604:14)
    at jasmine.Queue.next_ (/usr/local/lib/node_modules/jasmine-node/lib/jasmine-node/jasmine-1.3.1.js:2177:31)
    at onComplete (/usr/local/lib/node_modules/jasmine-node/lib/jasmine-node/jasmine-1.3.1.js:2173:18)</failure><failure type="expect" message="ReferenceError: $ is not defined">ReferenceError: $ is not defined
    at null.&amp;lt;anonymous&amp;gt; (/var/www/html/multiselect/spec/zero-configuration.spec.js:45:9)
    at jasmine.Block.execute (/usr/local/lib/node_modules/jasmine-node/lib/jasmine-node/jasmine-1.3.1.js:1145:17)
    at jasmine.Queue.next_ (/usr/local/lib/node_modules/jasmine-node/lib/jasmine-node/jasmine-1.3.1.js:2177:31)
    at jasmine.Queue.start (/usr/local/lib/node_modules/jasmine-node/lib/jasmine-node/jasmine-1.3.1.js:2130:8)
    at jasmine.Spec.execute (/usr/local/lib/node_modules/jasmine-node/lib/jasmine-node/jasmine-1.3.1.js:2458:14)
    at jasmine.Queue.next_ (/usr/local/lib/node_modules/jasmine-node/lib/jasmine-node/jasmine-1.3.1.js:2177:31)
    at jasmine.Queue.start (/usr/local/lib/node_modules/jasmine-node/lib/jasmine-node/jasmine-1.3.1.js:2130:8)
    at jasmine.Suite.execute (/usr/local/lib/node_modules/jasmine-node/lib/jasmine-node/jasmine-1.3.1.js:2604:14)
    at jasmine.Queue.next_ (/usr/local/lib/node_modules/jasmine-node/lib/jasmine-node/jasmine-1.3.1.js:2177:31)
    at onComplete (/usr/local/lib/node_modules/jasmine-node/lib/jasmine-node/jasmine-1.3.1.js:2173:18)</failure></testcase>
  <testcase classname="zero configuration" name="move one to right" time="0"><failure type="expect" message="TypeError: jasmine.getFixtures is not a function">TypeError: jasmine.getFixtures is not a function
    at null.&amp;lt;anonymous&amp;gt; (/var/www/html/multiselect/spec/zero-configuration.spec.js:29:17)
    at jasmine.Block.execute (/usr/local/lib/node_modules/jasmine-node/lib/jasmine-node/jasmine-1.3.1.js:1145:17)
    at jasmine.Queue.next_ (/usr/local/lib/node_modules/jasmine-node/lib/jasmine-node/jasmine-1.3.1.js:2177:31)
    at jasmine.Queue.start (/usr/local/lib/node_modules/jasmine-node/lib/jasmine-node/jasmine-1.3.1.js:2130:8)
    at jasmine.Spec.execute (/usr/local/lib/node_modules/jasmine-node/lib/jasmine-node/jasmine-1.3.1.js:2458:14)
    at jasmine.Queue.next_ (/usr/local/lib/node_modules/jasmine-node/lib/jasmine-node/jasmine-1.3.1.js:2177:31)
    at jasmine.Queue.start (/usr/local/lib/node_modules/jasmine-node/lib/jasmine-node/jasmine-1.3.1.js:2130:8)
    at jasmine.Suite.execute (/usr/local/lib/node_modules/jasmine-node/lib/jasmine-node/jasmine-1.3.1.js:2604:14)
    at jasmine.Queue.next_ (/usr/local/lib/node_modules/jasmine-node/lib/jasmine-node/jasmine-1.3.1.js:2177:31)
    at onComplete (/usr/local/lib/node_modules/jasmine-node/lib/jasmine-node/jasmine-1.3.1.js:2173:18)</failure><failure type="expect" message="TypeError: Cannot read property &amp;apos;find&amp;apos; of undefined">TypeError: Cannot read property &amp;apos;find&amp;apos; of undefined
    at null.&amp;lt;anonymous&amp;gt; (/var/www/html/multiselect/spec/zero-configuration.spec.js:51:21)
    at jasmine.Block.execute (/usr/local/lib/node_modules/jasmine-node/lib/jasmine-node/jasmine-1.3.1.js:1145:17)
    at jasmine.Queue.next_ (/usr/local/lib/node_modules/jasmine-node/lib/jasmine-node/jasmine-1.3.1.js:2177:31)
    at jasmine.Queue.start (/usr/local/lib/node_modules/jasmine-node/lib/jasmine-node/jasmine-1.3.1.js:2130:8)
    at jasmine.Spec.execute (/usr/local/lib/node_modules/jasmine-node/lib/jasmine-node/jasmine-1.3.1.js:2458:14)
    at jasmine.Queue.next_ (/usr/local/lib/node_modules/jasmine-node/lib/jasmine-node/jasmine-1.3.1.js:2177:31)
    at jasmine.Queue.start (/usr/local/lib/node_modules/jasmine-node/lib/jasmine-node/jasmine-1.3.1.js:2130:8)
    at jasmine.Suite.execute (/usr/local/lib/node_modules/jasmine-node/lib/jasmine-node/jasmine-1.3.1.js:2604:14)
    at jasmine.Queue.next_ (/usr/local/lib/node_modules/jasmine-node/lib/jasmine-node/jasmine-1.3.1.js:2177:31)
    at onComplete (/usr/local/lib/node_modules/jasmine-node/lib/jasmine-node/jasmine-1.3.1.js:2173:18)</failure></testcase>
  <testcase classname="zero configuration" name="move all selected to right" time="0.001"><failure type="expect" message="TypeError: jasmine.getFixtures is not a function">TypeError: jasmine.getFixtures is not a function
    at null.&amp;lt;anonymous&amp;gt; (/var/www/html/multiselect/spec/zero-configuration.spec.js:29:17)
    at jasmine.Block.execute (/usr/local/lib/node_modules/jasmine-node/lib/jasmine-node/jasmine-1.3.1.js:1145:17)
    at jasmine.Queue.next_ (/usr/local/lib/node_modules/jasmine-node/lib/jasmine-node/jasmine-1.3.1.js:2177:31)
    at jasmine.Queue.start (/usr/local/lib/node_modules/jasmine-node/lib/jasmine-node/jasmine-1.3.1.js:2130:8)
    at jasmine.Spec.execute (/usr/local/lib/node_modules/jasmine-node/lib/jasmine-node/jasmine-1.3.1.js:2458:14)
    at jasmine.Queue.next_ (/usr/local/lib/node_modules/jasmine-node/lib/jasmine-node/jasmine-1.3.1.js:2177:31)
    at jasmine.Queue.start (/usr/local/lib/node_modules/jasmine-node/lib/jasmine-node/jasmine-1.3.1.js:2130:8)
    at jasmine.Suite.execute (/usr/local/lib/node_modules/jasmine-node/lib/jasmine-node/jasmine-1.3.1.js:2604:14)
    at jasmine.Queue.next_ (/usr/local/lib/node_modules/jasmine-node/lib/jasmine-node/jasmine-1.3.1.js:2177:31)
    at onComplete (/usr/local/lib/node_modules/jasmine-node/lib/jasmine-node/jasmine-1.3.1.js:2173:18)</failure><failure type="expect" message="TypeError: Cannot read property &amp;apos;find&amp;apos; of undefined">TypeError: Cannot read property &amp;apos;find&amp;apos; of undefined
    at null.&amp;lt;anonymous&amp;gt; (/var/www/html/multiselect/spec/zero-configuration.spec.js:61:21)
    at jasmine.Block.execute (/usr/local/lib/node_modules/jasmine-node/lib/jasmine-node/jasmine-1.3.1.js:1145:17)
    at jasmine.Queue.next_ (/usr/local/lib/node_modules/jasmine-node/lib/jasmine-node/jasmine-1.3.1.js:2177:31)
    at jasmine.Queue.start (/usr/local/lib/node_modules/jasmine-node/lib/jasmine-node/jasmine-1.3.1.js:2130:8)
    at jasmine.Spec.execute (/usr/local/lib/node_modules/jasmine-node/lib/jasmine-node/jasmine-1.3.1.js:2458:14)
    at jasmine.Queue.next_ (/usr/local/lib/node_modules/jasmine-node/lib/jasmine-node/jasmine-1.3.1.js:2177:31)
    at jasmine.Queue.start (/usr/local/lib/node_modules/jasmine-node/lib/jasmine-node/jasmine-1.3.1.js:2130:8)
    at jasmine.Suite.execute (/usr/local/lib/node_modules/jasmine-node/lib/jasmine-node/jasmine-1.3.1.js:2604:14)
    at jasmine.Queue.next_ (/usr/local/lib/node_modules/jasmine-node/lib/jasmine-node/jasmine-1.3.1.js:2177:31)
    at onComplete (/usr/local/lib/node_modules/jasmine-node/lib/jasmine-node/jasmine-1.3.1.js:2173:18)</failure></testcase>
  <testcase classname="zero configuration" name="move all to left" time="0"><failure type="expect" message="TypeError: jasmine.getFixtures is not a function">TypeError: jasmine.getFixtures is not a function
    at null.&amp;lt;anonymous&amp;gt; (/var/www/html/multiselect/spec/zero-configuration.spec.js:29:17)
    at jasmine.Block.execute (/usr/local/lib/node_modules/jasmine-node/lib/jasmine-node/jasmine-1.3.1.js:1145:17)
    at jasmine.Queue.next_ (/usr/local/lib/node_modules/jasmine-node/lib/jasmine-node/jasmine-1.3.1.js:2177:31)
    at jasmine.Queue.start (/usr/local/lib/node_modules/jasmine-node/lib/jasmine-node/jasmine-1.3.1.js:2130:8)
    at jasmine.Spec.execute (/usr/local/lib/node_modules/jasmine-node/lib/jasmine-node/jasmine-1.3.1.js:2458:14)
    at jasmine.Queue.next_ (/usr/local/lib/node_modules/jasmine-node/lib/jasmine-node/jasmine-1.3.1.js:2177:31)
    at jasmine.Queue.start (/usr/local/lib/node_modules/jasmine-node/lib/jasmine-node/jasmine-1.3.1.js:2130:8)
    at jasmine.Suite.execute (/usr/local/lib/node_modules/jasmine-node/lib/jasmine-node/jasmine-1.3.1.js:2604:14)
    at jasmine.Queue.next_ (/usr/local/lib/node_modules/jasmine-node/lib/jasmine-node/jasmine-1.3.1.js:2177:31)
    at onComplete (/usr/local/lib/node_modules/jasmine-node/lib/jasmine-node/jasmine-1.3.1.js:2173:18)</failure><failure type="expect" message="ReferenceError: $ is not defined">ReferenceError: $ is not defined
    at null.&amp;lt;anonymous&amp;gt; (/var/www/html/multiselect/spec/zero-configuration.spec.js:72:9)
    at jasmine.Block.execute (/usr/local/lib/node_modules/jasmine-node/lib/jasmine-node/jasmine-1.3.1.js:1145:17)
    at jasmine.Queue.next_ (/usr/local/lib/node_modules/jasmine-node/lib/jasmine-node/jasmine-1.3.1.js:2177:31)
    at jasmine.Queue.start (/usr/local/lib/node_modules/jasmine-node/lib/jasmine-node/jasmine-1.3.1.js:2130:8)
    at jasmine.Spec.execute (/usr/local/lib/node_modules/jasmine-node/lib/jasmine-node/jasmine-1.3.1.js:2458:14)
    at jasmine.Queue.next_ (/usr/local/lib/node_modules/jasmine-node/lib/jasmine-node/jasmine-1.3.1.js:2177:31)
    at jasmine.Queue.start (/usr/local/lib/node_modules/jasmine-node/lib/jasmine-node/jasmine-1.3.1.js:2130:8)
    at jasmine.Suite.execute (/usr/local/lib/node_modules/jasmine-node/lib/jasmine-node/jasmine-1.3.1.js:2604:14)
    at jasmine.Queue.next_ (/usr/local/lib/node_modules/jasmine-node/lib/jasmine-node/jasmine-1.3.1.js:2177:31)
    at onComplete (/usr/local/lib/node_modules/jasmine-node/lib/jasmine-node/jasmine-1.3.1.js:2173:18)</failure></testcase>
  <testcase classname="zero configuration" name="move one to left" time="0"><failure type="expect" message="TypeError: jasmine.getFixtures is not a function">TypeError: jasmine.getFixtures is not a function
    at null.&amp;lt;anonymous&amp;gt; (/var/www/html/multiselect/spec/zero-configuration.spec.js:29:17)
    at jasmine.Block.execute (/usr/local/lib/node_modules/jasmine-node/lib/jasmine-node/jasmine-1.3.1.js:1145:17)
    at jasmine.Queue.next_ (/usr/local/lib/node_modules/jasmine-node/lib/jasmine-node/jasmine-1.3.1.js:2177:31)
    at jasmine.Queue.start (/usr/local/lib/node_modules/jasmine-node/lib/jasmine-node/jasmine-1.3.1.js:2130:8)
    at jasmine.Spec.execute (/usr/local/lib/node_modules/jasmine-node/lib/jasmine-node/jasmine-1.3.1.js:2458:14)
    at jasmine.Queue.next_ (/usr/local/lib/node_modules/jasmine-node/lib/jasmine-node/jasmine-1.3.1.js:2177:31)
    at jasmine.Queue.start (/usr/local/lib/node_modules/jasmine-node/lib/jasmine-node/jasmine-1.3.1.js:2130:8)
    at jasmine.Suite.execute (/usr/local/lib/node_modules/jasmine-node/lib/jasmine-node/jasmine-1.3.1.js:2604:14)
    at jasmine.Queue.next_ (/usr/local/lib/node_modules/jasmine-node/lib/jasmine-node/jasmine-1.3.1.js:2177:31)
    at onComplete (/usr/local/lib/node_modules/jasmine-node/lib/jasmine-node/jasmine-1.3.1.js:2173:18)</failure><failure type="expect" message="ReferenceError: $ is not defined">ReferenceError: $ is not defined
    at null.&amp;lt;anonymous&amp;gt; (/var/www/html/multiselect/spec/zero-configuration.spec.js:82:9)
    at jasmine.Block.execute (/usr/local/lib/node_modules/jasmine-node/lib/jasmine-node/jasmine-1.3.1.js:1145:17)
    at jasmine.Queue.next_ (/usr/local/lib/node_modules/jasmine-node/lib/jasmine-node/jasmine-1.3.1.js:2177:31)
    at jasmine.Queue.start (/usr/local/lib/node_modules/jasmine-node/lib/jasmine-node/jasmine-1.3.1.js:2130:8)
    at jasmine.Spec.execute (/usr/local/lib/node_modules/jasmine-node/lib/jasmine-node/jasmine-1.3.1.js:2458:14)
    at jasmine.Queue.next_ (/usr/local/lib/node_modules/jasmine-node/lib/jasmine-node/jasmine-1.3.1.js:2177:31)
    at jasmine.Queue.start (/usr/local/lib/node_modules/jasmine-node/lib/jasmine-node/jasmine-1.3.1.js:2130:8)
    at jasmine.Suite.execute (/usr/local/lib/node_modules/jasmine-node/lib/jasmine-node/jasmine-1.3.1.js:2604:14)
    at jasmine.Queue.next_ (/usr/local/lib/node_modules/jasmine-node/lib/jasmine-node/jasmine-1.3.1.js:2177:31)
    at onComplete (/usr/local/lib/node_modules/jasmine-node/lib/jasmine-node/jasmine-1.3.1.js:2173:18)</failure></testcase>
  <testcase classname="zero configuration" name="move all selected to left" time="0"><failure type="expect" message="TypeError: jasmine.getFixtures is not a function">TypeError: jasmine.getFixtures is not a function
    at null.&amp;lt;anonymous&amp;gt; (/var/www/html/multiselect/spec/zero-configuration.spec.js:29:17)
    at jasmine.Block.execute (/usr/local/lib/node_modules/jasmine-node/lib/jasmine-node/jasmine-1.3.1.js:1145:17)
    at jasmine.Queue.next_ (/usr/local/lib/node_modules/jasmine-node/lib/jasmine-node/jasmine-1.3.1.js:2177:31)
    at jasmine.Queue.start (/usr/local/lib/node_modules/jasmine-node/lib/jasmine-node/jasmine-1.3.1.js:2130:8)
    at jasmine.Spec.execute (/usr/local/lib/node_modules/jasmine-node/lib/jasmine-node/jasmine-1.3.1.js:2458:14)
    at jasmine.Queue.next_ (/usr/local/lib/node_modules/jasmine-node/lib/jasmine-node/jasmine-1.3.1.js:2177:31)
    at jasmine.Queue.start (/usr/local/lib/node_modules/jasmine-node/lib/jasmine-node/jasmine-1.3.1.js:2130:8)
    at jasmine.Suite.execute (/usr/local/lib/node_modules/jasmine-node/lib/jasmine-node/jasmine-1.3.1.js:2604:14)
    at jasmine.Queue.next_ (/usr/local/lib/node_modules/jasmine-node/lib/jasmine-node/jasmine-1.3.1.js:2177:31)
    at onComplete (/usr/local/lib/node_modules/jasmine-node/lib/jasmine-node/jasmine-1.3.1.js:2173:18)</failure><failure type="expect" message="ReferenceError: $ is not defined">ReferenceError: $ is not defined
    at null.&amp;lt;anonymous&amp;gt; (/var/www/html/multiselect/spec/zero-configuration.spec.js:95:9)
    at jasmine.Block.execute (/usr/local/lib/node_modules/jasmine-node/lib/jasmine-node/jasmine-1.3.1.js:1145:17)
    at jasmine.Queue.next_ (/usr/local/lib/node_modules/jasmine-node/lib/jasmine-node/jasmine-1.3.1.js:2177:31)
    at jasmine.Queue.start (/usr/local/lib/node_modules/jasmine-node/lib/jasmine-node/jasmine-1.3.1.js:2130:8)
    at jasmine.Spec.execute (/usr/local/lib/node_modules/jasmine-node/lib/jasmine-node/jasmine-1.3.1.js:2458:14)
    at jasmine.Queue.next_ (/usr/local/lib/node_modules/jasmine-node/lib/jasmine-node/jasmine-1.3.1.js:2177:31)
    at jasmine.Queue.start (/usr/local/lib/node_modules/jasmine-node/lib/jasmine-node/jasmine-1.3.1.js:2130:8)
    at jasmine.Suite.execute (/usr/local/lib/node_modules/jasmine-node/lib/jasmine-node/jasmine-1.3.1.js:2604:14)
    at jasmine.Queue.next_ (/usr/local/lib/node_modules/jasmine-node/lib/jasmine-node/jasmine-1.3.1.js:2177:31)
    at onComplete (/usr/local/lib/node_modules/jasmine-node/lib/jasmine-node/jasmine-1.3.1.js:2173:18)</failure></testcase>
</testsuite>
</testsuites>